# JRE version: Java(TM) SE Runtime Environment (8.0_73-b02) (build 1.8.0_73-b02)
# Java VM: Java HotSpot(TM) 64-Bit Server VM (25.73-b02 mixed mode windows-amd64 compressed oops)
Heap:
 PSYoungGen      total 33280K, used 26737K [0x00000000daf00000, 0x00000000df000000, 0x0000000100000000)
  eden space 28672K, 77% used [0x00000000daf00000,0x00000000dc4a3b20,0x00000000dcb00000)
  from space 4608K, 99% used [0x00000000dcb00000,0x00000000dcf78900,0x00000000dcf80000)
  to   space 4608K, 0% used [0x00000000deb80000,0x00000000deb80000,0x00000000df000000)
 ParOldGen       total 76800K, used 27758K [0x0000000090c00000, 0x0000000095700000, 0x00000000daf00000)
  object space 76800K, 36% used [0x0000000090c00000,0x000000009271ba90,0x0000000095700000)
 Metaspace       used 10417K, capacity 10607K, committed 10752K, reserved 1058816K
  class space    used 1086K, capacity 1154K, committed 1280K, reserved 1048576K
GC Heap History (6 events):
Event: 3.873 GC heap before
{Heap before GC invocations=1 (full 0):
 PSYoungGen      total 33280K, used 28672K [0x00000000daf00000, 0x00000000dd400000, 0x0000000100000000)
  eden space 28672K, 100% used [0x00000000daf00000,0x00000000dcb00000,0x00000000dcb00000)
  from space 4608K, 0% used [0x00000000dcf80000,0x00000000dcf80000,0x00000000dd400000)
  to   space 4608K, 0% used [0x00000000dcb00000,0x00000000dcb00000,0x00000000dcf80000)
 ParOldGen       total 76800K, used 0K [0x0000000090c00000, 0x0000000095700000, 0x00000000daf00000)
  object space 76800K, 0% used [0x0000000090c00000,0x0000000090c00000,0x0000000095700000)
 Metaspace       used 8924K, capacity 9103K, committed 9216K, reserved 1056768K
  class space    used 930K, capacity 994K, committed 1024K, reserved 1048576K
Event: 3.884 GC heap after
Heap after GC invocations=1 (full 0):
 PSYoungGen      total 33280K, used 4598K [0x00000000daf00000, 0x00000000dd400000, 0x0000000100000000)
  eden space 28672K, 0% used [0x00000000daf00000,0x00000000daf00000,0x00000000dcb00000)
  from space 4608K, 99% used [0x00000000dcb00000,0x00000000dcf7d888,0x00000000dcf80000)
  to   space 4608K, 0% used [0x00000000dcf80000,0x00000000dcf80000,0x00000000dd400000)
 ParOldGen       total 76800K, used 2450K [0x0000000090c00000, 0x0000000095700000, 0x00000000daf00000)
  object space 76800K, 3% used [0x0000000090c00000,0x0000000090e64a40,0x0000000095700000)
 Metaspace       used 8924K, capacity 9103K, committed 9216K, reserved 1056768K
  class space    used 930K, capacity 994K, committed 1024K, reserved 1048576K
}
Event: 4.299 GC heap before
{Heap before GC invocations=2 (full 0):
 PSYoungGen      total 33280K, used 32274K [0x00000000daf00000, 0x00000000dd400000, 0x0000000100000000)
  eden space 28672K, 96% used [0x00000000daf00000,0x00000000dca06fa8,0x00000000dcb00000)
  from space 4608K, 99% used [0x00000000dcb00000,0x00000000dcf7d888,0x00000000dcf80000)
  to   space 4608K, 0% used [0x00000000dcf80000,0x00000000dcf80000,0x00000000dd400000)
 ParOldGen       total 76800K, used 2450K [0x0000000090c00000, 0x0000000095700000, 0x00000000daf00000)
  object space 76800K, 3% used [0x0000000090c00000,0x0000000090e64a40,0x0000000095700000)
 Metaspace       used 10102K, capacity 10255K, committed 10368K, reserved 1058816K
  class space    used 1061K, capacity 1122K, committed 1152K, reserved 1048576K
Event: 4.304 GC heap after
Heap after GC invocations=2 (full 0):
 PSYoungGen      total 33280K, used 1656K [0x00000000daf00000, 0x00000000dd400000, 0x0000000100000000)
  eden space 28672K, 0% used [0x00000000daf00000,0x00000000daf00000,0x00000000dcb00000)
  from space 4608K, 35% used [0x00000000dcf80000,0x00000000dd11e158,0x00000000dd400000)
  to   space 4608K, 0% used [0x00000000dcb00000,0x00000000dcb00000,0x00000000dcf80000)
 ParOldGen       total 76800K, used 2458K [0x0000000090c00000, 0x0000000095700000, 0x00000000daf00000)
  object space 76800K, 3% used [0x0000000090c00000,0x0000000090e66a40,0x0000000095700000)
 Metaspace       used 10102K, capacity 10255K, committed 10368K, reserved 1058816K
  class space    used 1061K, capacity 1122K, committed 1152K, reserved 1048576K
}
Event: 4.443 GC heap before
{Heap before GC invocations=3 (full 0):
 PSYoungGen      total 33280K, used 30328K [0x00000000daf00000, 0x00000000dd400000, 0x0000000100000000)
  eden space 28672K, 100% used [0x00000000daf00000,0x00000000dcb00000,0x00000000dcb00000)
  from space 4608K, 35% used [0x00000000dcf80000,0x00000000dd11e158,0x00000000dd400000)
  to   space 4608K, 0% used [0x00000000dcb00000,0x00000000dcb00000,0x00000000dcf80000)
 ParOldGen       total 76800K, used 2458K [0x0000000090c00000, 0x0000000095700000, 0x00000000daf00000)
  object space 76800K, 3% used [0x0000000090c00000,0x0000000090e66a40,0x0000000095700000)
 Metaspace       used 10120K, capacity 10255K, committed 10368K, reserved 1058816K
  class space    used 1062K, capacity 1122K, committed 1152K, reserved 1048576K
Event: 4.468 GC heap after
Heap after GC invocations=3 (full 0):
 PSYoungGen      total 33280K, used 4578K [0x00000000daf00000, 0x00000000df000000, 0x0000000100000000)
  eden space 28672K, 0% used [0x00000000daf00000,0x00000000daf00000,0x00000000dcb00000)
  from space 4608K, 99% used [0x00000000dcb00000,0x00000000dcf78900,0x00000000dcf80000)
  to   space 4608K, 0% used [0x00000000deb80000,0x00000000deb80000,0x00000000df000000)
 ParOldGen       total 76800K, used 27758K [0x0000000090c00000, 0x0000000095700000, 0x00000000daf00000)
  object space 76800K, 36% used [0x0000000090c00000,0x000000009271ba90,0x0000000095700000)
 Metaspace       used 10120K, capacity 10255K, committed 10368K, reserved 1058816K
  class space    used 1062K, capacity 1122K, committed 1152K, reserved 1048576K
}

